Building DAG of jobs...
Using shell: /bin/bash
Provided cores: 16
Rules claiming more threads will be scaled down.
Job counts:
	count	jobs
	1	align
	1	all
	1	ancestral
	1	export
	1	refine
	1	traits
	1	translate
	1	tree
	8

[Thu Aug  4 14:09:31 2022]
Job 7: 
        Aligning sequences to data/Sendo_20220801.fa
          - filling gaps with N
        

[Thu Aug  4 14:09:31 2022]
Error in rule align:
    jobid: 7
    output: results/aligned.fasta
    shell:
        
        augur align             --sequences data/Sendo_20220801.fa             --output results/aligned.fasta             --method mafft             --nthreads auto
        
        (one of the commands exited with non-zero exit code; note that snakemake uses bash strict mode!)

Shutting down, this might take some time.
Exiting because a job execution failed. Look above for error message
Complete log: /home/Bart/Documents/Sendo/20220801/.snakemake/log/2022-08-04T140931.645825.snakemake.log
